<?xml version="1.0" encoding="UTF-8"?>
<!-- Generated by org.testng.reporters.JUnitReportReporter -->
<testsuite hostname="Cricket" failures="0" tests="1" name="common.RunnerClass" time="11.415" errors="0" timestamp="2024-12-04T10:48:38 CST" skipped="0">
  <testcase classname="common.RunnerClass" name="runScenario" time="11.415"/>
</testsuite> <!-- common.RunnerClass -->
