<?xml version="1.0" encoding="UTF-8"?>
<!-- Generated by org.testng.reporters.JUnitReportReporter -->
<testsuite hostname="Cricket" failures="0" tests="1" name="common.RunnerClass" time="14.283" errors="0" timestamp="2024-12-03T20:06:25 CST" skipped="0">
  <testcase classname="common.RunnerClass" name="runScenario" time="14.283"/>
</testsuite> <!-- common.RunnerClass -->
